Start testing: Feb 18 20:49 EST
----------------------------------------------------------
1/1 Testing: StillRuns
1/1 Test: StillRuns
Command: "/Users/evan/Documents/EasyWand/exec" "RGBsetup_profile.txt" "wandpts.csv" "bkgdPts.csv"
Directory: /Users/evan/Documents/EasyWand
"StillRuns" start time: Feb 18 20:49 EST
Output:
----------------------------------------------------------
1
2.83197e-06
1.72424e-231
6.22752e-10
8.5641e-23
<end of output>
Test time =   5.65 sec
----------------------------------------------------------
Test Passed.
"StillRuns" end time: Feb 18 20:49 EST
"StillRuns" time elapsed: 00:00:05
----------------------------------------------------------

End testing: Feb 18 20:49 EST
